<?xml version="1.0" encoding="UTF-8"?>
<!-- Generated by org.testng.reporters.JUnitReportReporter -->
<testsuite hostname="LAPTOP-DR1AJJIK" failures="0" tests="15" name="com.runner.TestRunnerTestNG" time="199.336" errors="0" timestamp="2025-09-12T22:00:58 IST" skipped="0">
  <testcase classname="com.runner.TestRunnerTestNG" name="runScenario" time="3.897"/>
  <testcase classname="com.runner.TestRunnerTestNG" name="runScenario" time="6.573"/>
  <testcase classname="com.runner.TestRunnerTestNG" name="runScenario" time="10.649"/>
  <testcase classname="com.runner.TestRunnerTestNG" name="runScenario" time="7.886"/>
  <testcase classname="com.runner.TestRunnerTestNG" name="runScenario" time="12.634"/>
  <testcase classname="com.runner.TestRunnerTestNG" name="runScenario" time="11.791"/>
  <testcase classname="com.runner.TestRunnerTestNG" name="runScenario" time="8.016"/>
  <testcase classname="com.runner.TestRunnerTestNG" name="runScenario" time="61.261"/>
  <testcase classname="com.runner.TestRunnerTestNG" name="runScenario" time="13.767"/>
  <testcase classname="com.runner.TestRunnerTestNG" name="runScenario" time="14.908"/>
  <testcase classname="com.runner.TestRunnerTestNG" name="runScenario" time="11.638"/>
  <testcase classname="com.runner.TestRunnerTestNG" name="runScenario" time="8.626"/>
  <testcase classname="com.runner.TestRunnerTestNG" name="runScenario" time="7.916"/>
  <testcase classname="com.runner.TestRunnerTestNG" name="runScenario" time="7.672"/>
  <testcase classname="com.runner.TestRunnerTestNG" name="runScenario" time="12.102"/>
</testsuite> <!-- com.runner.TestRunnerTestNG -->
