<?xml version="1.0" encoding="UTF-8"?>
<!-- Generated by org.testng.reporters.JUnitReportReporter -->
<testsuite hostname="LAPTOP-DR1AJJIK" failures="0" tests="6" name="com.runner.TestRunnerTestNG" time="114.803" errors="0" timestamp="2025-09-11T17:58:05 IST" skipped="0">
  <testcase classname="com.runner.TestRunnerTestNG" name="runScenario" time="8.151"/>
  <testcase classname="com.runner.TestRunnerTestNG" name="runScenario" time="13.828"/>
  <testcase classname="com.runner.TestRunnerTestNG" name="runScenario" time="8.971"/>
  <testcase classname="com.runner.TestRunnerTestNG" name="runScenario" time="0.095"/>
  <testcase classname="com.runner.TestRunnerTestNG" name="runScenario" time="79.042"/>
  <testcase classname="com.runner.TestRunnerTestNG" name="runScenario" time="4.716"/>
</testsuite> <!-- com.runner.TestRunnerTestNG -->
