<?xml version="1.0" encoding="UTF-8"?>
<!-- Generated by org.testng.reporters.JUnitReportReporter -->
<testsuite hostname="LAPTOP-DR1AJJIK" failures="0" tests="15" name="com.runner.TestRunnerTestNG" time="185.216" errors="0" timestamp="2025-09-13T20:22:43 IST" skipped="0">
  <testcase classname="com.runner.TestRunnerTestNG" name="runScenario" time="3.946"/>
  <testcase classname="com.runner.TestRunnerTestNG" name="runScenario" time="12.603"/>
  <testcase classname="com.runner.TestRunnerTestNG" name="runScenario" time="11.373"/>
  <testcase classname="com.runner.TestRunnerTestNG" name="runScenario" time="11.582"/>
  <testcase classname="com.runner.TestRunnerTestNG" name="runScenario" time="8.162"/>
  <testcase classname="com.runner.TestRunnerTestNG" name="runScenario" time="4.394"/>
  <testcase classname="com.runner.TestRunnerTestNG" name="runScenario" time="62.735"/>
  <testcase classname="com.runner.TestRunnerTestNG" name="runScenario" time="8.679"/>
  <testcase classname="com.runner.TestRunnerTestNG" name="runScenario" time="10.594"/>
  <testcase classname="com.runner.TestRunnerTestNG" name="runScenario" time="8.961"/>
  <testcase classname="com.runner.TestRunnerTestNG" name="runScenario" time="6.969"/>
  <testcase classname="com.runner.TestRunnerTestNG" name="runScenario" time="8.533"/>
  <testcase classname="com.runner.TestRunnerTestNG" name="runScenario" time="8.034"/>
  <testcase classname="com.runner.TestRunnerTestNG" name="runScenario" time="10.188"/>
  <testcase classname="com.runner.TestRunnerTestNG" name="runScenario" time="8.463"/>
</testsuite> <!-- com.runner.TestRunnerTestNG -->
