<?xml version="1.0" encoding="UTF-8"?>
<!-- Generated by org.testng.reporters.JUnitReportReporter -->
<testsuite hostname="LAPTOP-DR1AJJIK" failures="0" tests="3" name="com.runner.TestRunnerTestNG" time="25.978" errors="0" timestamp="2025-09-11T22:53:52 IST" skipped="0">
  <testcase classname="com.runner.TestRunnerTestNG" name="runScenario" time="6.844"/>
  <testcase classname="com.runner.TestRunnerTestNG" name="runScenario" time="9.892"/>
  <testcase classname="com.runner.TestRunnerTestNG" name="runScenario" time="9.242"/>
</testsuite> <!-- com.runner.TestRunnerTestNG -->
