<?xml version="1.0" encoding="UTF-8"?>
<!-- Generated by org.testng.reporters.JUnitReportReporter -->
<testsuite hostname="LAPTOP-DR1AJJIK" failures="0" tests="2" name="com.runner.TestRunnerTestNG" time="13.514" errors="1" timestamp="2025-09-06T14:20:55 IST" skipped="0">
  <testcase classname="com.runner.TestRunnerTestNG" name="runScenario" time="0.071"/>
  <testcase classname="com.runner.TestRunnerTestNG" name="runScenario" time="13.443">
    <error message="TODO: implement me" type="io.cucumber.java.PendingException">
      <![CDATA[io.cucumber.java.PendingException: TODO: implement me
at com.stepDefinition.Profile.i_click_on_google(Profile.java:17)
at âœ½.I click on Google(file:///C:/Users/Jyothirmye/eclipse-workspace/Test_Magicbricks/src/test/resources/Features/Profile.feature:5)
]]>
    </error>
  </testcase> <!-- runScenario -->
</testsuite> <!-- com.runner.TestRunnerTestNG -->
