<?xml version="1.0" encoding="UTF-8"?>
<!-- Generated by org.testng.reporters.JUnitReportReporter -->
<testsuite hostname="LAPTOP-DR1AJJIK" failures="0" tests="2" name="com.runner.TestRunnerTestNG" time="59.812" errors="0" timestamp="2025-09-07T21:44:06 IST" skipped="0">
  <testcase classname="com.runner.TestRunnerTestNG" name="runScenario" time="54.367"/>
  <testcase classname="com.runner.TestRunnerTestNG" name="runScenario" time="5.445"/>
</testsuite> <!-- com.runner.TestRunnerTestNG -->
